2.89583 2.02778 1.03241--0 0 0
2.875 2.3 1.00833--0 0 0
3.02083 0.0833333 2.09722--0 0 0
2.77083 3.61667 1.01944--0 0 0
2.08333 2.375 0.994444--0 0 0
2.27778 0.333333 1.62963--0 0 0
1.94444 3.66667 1.12593--0 0 0
2.525 0.25 1.78333--0 0 0
2.225 3.65 1.07667--0 0 0
-0.166667 3.76667 2.57778--0 0 0
0.99537 0.979167 0.938889--1 0 0
1.02778 2 1.44444--1 0 0
0.972222 1 1.08889--1 0 0
1.00417 1.98611 1.61667--1 0 0
0.954167 0.997222 1.04333--1 0 0
1.91667 1.01667 2.46667--1 0 0
0.988889 1.48148 1.66667--1 0 0
0.922222 1.0963 1.05333--1 0 0
1.38889 1.12222 2.5--1 0 0
1.56667 1.07333 2.48889--1 0 0
1 0 0